<?xml version="1.0" encoding="UTF-8"?>
<!-- Generated by org.testng.reporters.JUnitReportReporter -->
<testsuite hostname="Vinod-Mac.local" name="BrowserLaunch.TestHarness" tests="1" failures="0" timestamp="23 Sep 2020 07:03:20 GMT" time="0.012" errors="0">
  <testcase name="sample" time="0.012" classname="BrowserLaunch.TestHarness"/>
</testsuite> <!-- BrowserLaunch.TestHarness -->
